<?xml version="1.0" encoding="UTF-8"?>
<testsuite name="com.moodException" tests="1" skipped="0" failures="0" errors="0" timestamp="2021-05-16T11:54:22" hostname="FLUFFKIN" time="0.048">
  <properties/>
  <testcase name="giveMessage_WhenSad_ShouldReturnSad()" classname="com.moodException" time="0.048"/>
  <system-out><![CDATA[]]></system-out>
  <system-err><![CDATA[]]></system-err>
</testsuite>
