<?xml version="1.0" encoding="UTF-8"?>
<testsuite name="com.moodException" tests="1" skipped="0" failures="0" errors="0" timestamp="2021-05-16T12:51:21" hostname="FLUFFKIN" time="0.071">
  <properties/>
  <testcase name="giveMessage_WhenHappy_ShouldReturnHappy()" classname="com.moodException" time="0.071"/>
  <system-out><![CDATA[]]></system-out>
  <system-err><![CDATA[]]></system-err>
</testsuite>
